Copyright 1986-2020 Xilinx, Inc. All Rights Reserved.
-----------------------------------------------------------------------------------------------------------------------------------------------------------------
| Tool Version : Vivado v.2020.2 (win64) Build 3064766 Wed Nov 18 09:12:45 MST 2020
| Date         : Tue Feb 18 14:02:10 2025
| Host         : desktop1 running 64-bit major release  (build 9200)
| Command      : report_methodology -file uart_lite_methodology_drc_routed.rpt -pb uart_lite_methodology_drc_routed.pb -rpx uart_lite_methodology_drc_routed.rpx
| Design       : uart_lite
| Device       : xc7z020clg400-1
| Speed File   : -1
| Design State : Fully Routed
-----------------------------------------------------------------------------------------------------------------------------------------------------------------

Report Methodology

Table of Contents
-----------------
1. REPORT SUMMARY
2. REPORT DETAILS

1. REPORT SUMMARY
-----------------
            Netlist: netlist
          Floorplan: design_1
      Design limits: <entire design considered>
             Max violations: <unlimited>
             Violations found: 159
+-----------+------------------+-------------------------------+------------+
| Rule      | Severity         | Description                   | Violations |
+-----------+------------------+-------------------------------+------------+
| TIMING-17 | Critical Warning | Non-clocked sequential cell   | 19         |
| TIMING-18 | Warning          | Missing input or output delay | 140        |
+-----------+------------------+-------------------------------+------------+

2. REPORT DETAILS
-----------------
TIMING-17#1 Critical Warning
Non-clocked sequential cell  
The clock pin rcount_reg/C is not reached by a timing clock
Related violations: <none>

TIMING-17#2 Critical Warning
Non-clocked sequential cell  
The clock pin rindex_reg[0]/C is not reached by a timing clock
Related violations: <none>

TIMING-17#3 Critical Warning
Non-clocked sequential cell  
The clock pin rindex_reg[1]/C is not reached by a timing clock
Related violations: <none>

TIMING-17#4 Critical Warning
Non-clocked sequential cell  
The clock pin rindex_reg[2]/C is not reached by a timing clock
Related violations: <none>

TIMING-17#5 Critical Warning
Non-clocked sequential cell  
The clock pin rxdone_reg/C is not reached by a timing clock
Related violations: <none>

TIMING-17#6 Critical Warning
Non-clocked sequential cell  
The clock pin tcount_reg/C is not reached by a timing clock
Related violations: <none>

TIMING-17#7 Critical Warning
Non-clocked sequential cell  
The clock pin tindex_reg[0]/C is not reached by a timing clock
Related violations: <none>

TIMING-17#8 Critical Warning
Non-clocked sequential cell  
The clock pin tindex_reg[1]/C is not reached by a timing clock
Related violations: <none>

TIMING-17#9 Critical Warning
Non-clocked sequential cell  
The clock pin tindex_reg[2]/C is not reached by a timing clock
Related violations: <none>

TIMING-17#10 Critical Warning
Non-clocked sequential cell  
The clock pin tx_o_reg/C is not reached by a timing clock
Related violations: <none>

TIMING-17#11 Critical Warning
Non-clocked sequential cell  
The clock pin txdone_reg/C is not reached by a timing clock
Related violations: <none>

TIMING-17#12 Critical Warning
Non-clocked sequential cell  
The clock pin ulite_rx_reg_reg[0]/C is not reached by a timing clock
Related violations: <none>

TIMING-17#13 Critical Warning
Non-clocked sequential cell  
The clock pin ulite_rx_reg_reg[1]/C is not reached by a timing clock
Related violations: <none>

TIMING-17#14 Critical Warning
Non-clocked sequential cell  
The clock pin ulite_rx_reg_reg[2]/C is not reached by a timing clock
Related violations: <none>

TIMING-17#15 Critical Warning
Non-clocked sequential cell  
The clock pin ulite_rx_reg_reg[3]/C is not reached by a timing clock
Related violations: <none>

TIMING-17#16 Critical Warning
Non-clocked sequential cell  
The clock pin ulite_rx_reg_reg[4]/C is not reached by a timing clock
Related violations: <none>

TIMING-17#17 Critical Warning
Non-clocked sequential cell  
The clock pin ulite_rx_reg_reg[5]/C is not reached by a timing clock
Related violations: <none>

TIMING-17#18 Critical Warning
Non-clocked sequential cell  
The clock pin ulite_rx_reg_reg[6]/C is not reached by a timing clock
Related violations: <none>

TIMING-17#19 Critical Warning
Non-clocked sequential cell  
The clock pin ulite_rx_reg_reg[7]/C is not reached by a timing clock
Related violations: <none>

TIMING-18#1 Warning
Missing input or output delay  
An input delay is missing on cfg_araddr_i[0] relative to clock(s) clk_i
Related violations: <none>

TIMING-18#2 Warning
Missing input or output delay  
An input delay is missing on cfg_araddr_i[10] relative to clock(s) clk_i
Related violations: <none>

TIMING-18#3 Warning
Missing input or output delay  
An input delay is missing on cfg_araddr_i[11] relative to clock(s) clk_i
Related violations: <none>

TIMING-18#4 Warning
Missing input or output delay  
An input delay is missing on cfg_araddr_i[12] relative to clock(s) clk_i
Related violations: <none>

TIMING-18#5 Warning
Missing input or output delay  
An input delay is missing on cfg_araddr_i[13] relative to clock(s) clk_i
Related violations: <none>

TIMING-18#6 Warning
Missing input or output delay  
An input delay is missing on cfg_araddr_i[14] relative to clock(s) clk_i
Related violations: <none>

TIMING-18#7 Warning
Missing input or output delay  
An input delay is missing on cfg_araddr_i[15] relative to clock(s) clk_i
Related violations: <none>

TIMING-18#8 Warning
Missing input or output delay  
An input delay is missing on cfg_araddr_i[16] relative to clock(s) clk_i
Related violations: <none>

TIMING-18#9 Warning
Missing input or output delay  
An input delay is missing on cfg_araddr_i[17] relative to clock(s) clk_i
Related violations: <none>

TIMING-18#10 Warning
Missing input or output delay  
An input delay is missing on cfg_araddr_i[18] relative to clock(s) clk_i
Related violations: <none>

TIMING-18#11 Warning
Missing input or output delay  
An input delay is missing on cfg_araddr_i[19] relative to clock(s) clk_i
Related violations: <none>

TIMING-18#12 Warning
Missing input or output delay  
An input delay is missing on cfg_araddr_i[1] relative to clock(s) clk_i
Related violations: <none>

TIMING-18#13 Warning
Missing input or output delay  
An input delay is missing on cfg_araddr_i[20] relative to clock(s) clk_i
Related violations: <none>

TIMING-18#14 Warning
Missing input or output delay  
An input delay is missing on cfg_araddr_i[21] relative to clock(s) clk_i
Related violations: <none>

TIMING-18#15 Warning
Missing input or output delay  
An input delay is missing on cfg_araddr_i[22] relative to clock(s) clk_i
Related violations: <none>

TIMING-18#16 Warning
Missing input or output delay  
An input delay is missing on cfg_araddr_i[23] relative to clock(s) clk_i
Related violations: <none>

TIMING-18#17 Warning
Missing input or output delay  
An input delay is missing on cfg_araddr_i[24] relative to clock(s) clk_i
Related violations: <none>

TIMING-18#18 Warning
Missing input or output delay  
An input delay is missing on cfg_araddr_i[25] relative to clock(s) clk_i
Related violations: <none>

TIMING-18#19 Warning
Missing input or output delay  
An input delay is missing on cfg_araddr_i[26] relative to clock(s) clk_i
Related violations: <none>

TIMING-18#20 Warning
Missing input or output delay  
An input delay is missing on cfg_araddr_i[27] relative to clock(s) clk_i
Related violations: <none>

TIMING-18#21 Warning
Missing input or output delay  
An input delay is missing on cfg_araddr_i[28] relative to clock(s) clk_i
Related violations: <none>

TIMING-18#22 Warning
Missing input or output delay  
An input delay is missing on cfg_araddr_i[29] relative to clock(s) clk_i
Related violations: <none>

TIMING-18#23 Warning
Missing input or output delay  
An input delay is missing on cfg_araddr_i[2] relative to clock(s) clk_i
Related violations: <none>

TIMING-18#24 Warning
Missing input or output delay  
An input delay is missing on cfg_araddr_i[30] relative to clock(s) clk_i
Related violations: <none>

TIMING-18#25 Warning
Missing input or output delay  
An input delay is missing on cfg_araddr_i[31] relative to clock(s) clk_i
Related violations: <none>

TIMING-18#26 Warning
Missing input or output delay  
An input delay is missing on cfg_araddr_i[3] relative to clock(s) clk_i
Related violations: <none>

TIMING-18#27 Warning
Missing input or output delay  
An input delay is missing on cfg_araddr_i[4] relative to clock(s) clk_i
Related violations: <none>

TIMING-18#28 Warning
Missing input or output delay  
An input delay is missing on cfg_araddr_i[5] relative to clock(s) clk_i
Related violations: <none>

TIMING-18#29 Warning
Missing input or output delay  
An input delay is missing on cfg_araddr_i[6] relative to clock(s) clk_i
Related violations: <none>

TIMING-18#30 Warning
Missing input or output delay  
An input delay is missing on cfg_araddr_i[7] relative to clock(s) clk_i
Related violations: <none>

TIMING-18#31 Warning
Missing input or output delay  
An input delay is missing on cfg_araddr_i[8] relative to clock(s) clk_i
Related violations: <none>

TIMING-18#32 Warning
Missing input or output delay  
An input delay is missing on cfg_araddr_i[9] relative to clock(s) clk_i
Related violations: <none>

TIMING-18#33 Warning
Missing input or output delay  
An input delay is missing on cfg_arvalid_i relative to clock(s) clk_i
Related violations: <none>

TIMING-18#34 Warning
Missing input or output delay  
An input delay is missing on cfg_awaddr_i[0] relative to clock(s) clk_i
Related violations: <none>

TIMING-18#35 Warning
Missing input or output delay  
An input delay is missing on cfg_awaddr_i[10] relative to clock(s) clk_i
Related violations: <none>

TIMING-18#36 Warning
Missing input or output delay  
An input delay is missing on cfg_awaddr_i[11] relative to clock(s) clk_i
Related violations: <none>

TIMING-18#37 Warning
Missing input or output delay  
An input delay is missing on cfg_awaddr_i[12] relative to clock(s) clk_i
Related violations: <none>

TIMING-18#38 Warning
Missing input or output delay  
An input delay is missing on cfg_awaddr_i[13] relative to clock(s) clk_i
Related violations: <none>

TIMING-18#39 Warning
Missing input or output delay  
An input delay is missing on cfg_awaddr_i[14] relative to clock(s) clk_i
Related violations: <none>

TIMING-18#40 Warning
Missing input or output delay  
An input delay is missing on cfg_awaddr_i[15] relative to clock(s) clk_i
Related violations: <none>

TIMING-18#41 Warning
Missing input or output delay  
An input delay is missing on cfg_awaddr_i[16] relative to clock(s) clk_i
Related violations: <none>

TIMING-18#42 Warning
Missing input or output delay  
An input delay is missing on cfg_awaddr_i[17] relative to clock(s) clk_i
Related violations: <none>

TIMING-18#43 Warning
Missing input or output delay  
An input delay is missing on cfg_awaddr_i[18] relative to clock(s) clk_i
Related violations: <none>

TIMING-18#44 Warning
Missing input or output delay  
An input delay is missing on cfg_awaddr_i[19] relative to clock(s) clk_i
Related violations: <none>

TIMING-18#45 Warning
Missing input or output delay  
An input delay is missing on cfg_awaddr_i[1] relative to clock(s) clk_i
Related violations: <none>

TIMING-18#46 Warning
Missing input or output delay  
An input delay is missing on cfg_awaddr_i[20] relative to clock(s) clk_i
Related violations: <none>

TIMING-18#47 Warning
Missing input or output delay  
An input delay is missing on cfg_awaddr_i[21] relative to clock(s) clk_i
Related violations: <none>

TIMING-18#48 Warning
Missing input or output delay  
An input delay is missing on cfg_awaddr_i[22] relative to clock(s) clk_i
Related violations: <none>

TIMING-18#49 Warning
Missing input or output delay  
An input delay is missing on cfg_awaddr_i[23] relative to clock(s) clk_i
Related violations: <none>

TIMING-18#50 Warning
Missing input or output delay  
An input delay is missing on cfg_awaddr_i[24] relative to clock(s) clk_i
Related violations: <none>

TIMING-18#51 Warning
Missing input or output delay  
An input delay is missing on cfg_awaddr_i[25] relative to clock(s) clk_i
Related violations: <none>

TIMING-18#52 Warning
Missing input or output delay  
An input delay is missing on cfg_awaddr_i[26] relative to clock(s) clk_i
Related violations: <none>

TIMING-18#53 Warning
Missing input or output delay  
An input delay is missing on cfg_awaddr_i[27] relative to clock(s) clk_i
Related violations: <none>

TIMING-18#54 Warning
Missing input or output delay  
An input delay is missing on cfg_awaddr_i[28] relative to clock(s) clk_i
Related violations: <none>

TIMING-18#55 Warning
Missing input or output delay  
An input delay is missing on cfg_awaddr_i[29] relative to clock(s) clk_i
Related violations: <none>

TIMING-18#56 Warning
Missing input or output delay  
An input delay is missing on cfg_awaddr_i[2] relative to clock(s) clk_i
Related violations: <none>

TIMING-18#57 Warning
Missing input or output delay  
An input delay is missing on cfg_awaddr_i[30] relative to clock(s) clk_i
Related violations: <none>

TIMING-18#58 Warning
Missing input or output delay  
An input delay is missing on cfg_awaddr_i[31] relative to clock(s) clk_i
Related violations: <none>

TIMING-18#59 Warning
Missing input or output delay  
An input delay is missing on cfg_awaddr_i[3] relative to clock(s) clk_i
Related violations: <none>

TIMING-18#60 Warning
Missing input or output delay  
An input delay is missing on cfg_awaddr_i[4] relative to clock(s) clk_i
Related violations: <none>

TIMING-18#61 Warning
Missing input or output delay  
An input delay is missing on cfg_awaddr_i[5] relative to clock(s) clk_i
Related violations: <none>

TIMING-18#62 Warning
Missing input or output delay  
An input delay is missing on cfg_awaddr_i[6] relative to clock(s) clk_i
Related violations: <none>

TIMING-18#63 Warning
Missing input or output delay  
An input delay is missing on cfg_awaddr_i[7] relative to clock(s) clk_i
Related violations: <none>

TIMING-18#64 Warning
Missing input or output delay  
An input delay is missing on cfg_awaddr_i[8] relative to clock(s) clk_i
Related violations: <none>

TIMING-18#65 Warning
Missing input or output delay  
An input delay is missing on cfg_awaddr_i[9] relative to clock(s) clk_i
Related violations: <none>

TIMING-18#66 Warning
Missing input or output delay  
An input delay is missing on cfg_awvalid_i relative to clock(s) clk_i
Related violations: <none>

TIMING-18#67 Warning
Missing input or output delay  
An input delay is missing on cfg_bready_i relative to clock(s) clk_i
Related violations: <none>

TIMING-18#68 Warning
Missing input or output delay  
An input delay is missing on cfg_rready_i relative to clock(s) clk_i
Related violations: <none>

TIMING-18#69 Warning
Missing input or output delay  
An input delay is missing on cfg_wdata_i[0] relative to clock(s) clk_i
Related violations: <none>

TIMING-18#70 Warning
Missing input or output delay  
An input delay is missing on cfg_wdata_i[10] relative to clock(s) clk_i
Related violations: <none>

TIMING-18#71 Warning
Missing input or output delay  
An input delay is missing on cfg_wdata_i[11] relative to clock(s) clk_i
Related violations: <none>

TIMING-18#72 Warning
Missing input or output delay  
An input delay is missing on cfg_wdata_i[12] relative to clock(s) clk_i
Related violations: <none>

TIMING-18#73 Warning
Missing input or output delay  
An input delay is missing on cfg_wdata_i[13] relative to clock(s) clk_i
Related violations: <none>

TIMING-18#74 Warning
Missing input or output delay  
An input delay is missing on cfg_wdata_i[14] relative to clock(s) clk_i
Related violations: <none>

TIMING-18#75 Warning
Missing input or output delay  
An input delay is missing on cfg_wdata_i[15] relative to clock(s) clk_i
Related violations: <none>

TIMING-18#76 Warning
Missing input or output delay  
An input delay is missing on cfg_wdata_i[16] relative to clock(s) clk_i
Related violations: <none>

TIMING-18#77 Warning
Missing input or output delay  
An input delay is missing on cfg_wdata_i[17] relative to clock(s) clk_i
Related violations: <none>

TIMING-18#78 Warning
Missing input or output delay  
An input delay is missing on cfg_wdata_i[18] relative to clock(s) clk_i
Related violations: <none>

TIMING-18#79 Warning
Missing input or output delay  
An input delay is missing on cfg_wdata_i[19] relative to clock(s) clk_i
Related violations: <none>

TIMING-18#80 Warning
Missing input or output delay  
An input delay is missing on cfg_wdata_i[1] relative to clock(s) clk_i
Related violations: <none>

TIMING-18#81 Warning
Missing input or output delay  
An input delay is missing on cfg_wdata_i[20] relative to clock(s) clk_i
Related violations: <none>

TIMING-18#82 Warning
Missing input or output delay  
An input delay is missing on cfg_wdata_i[21] relative to clock(s) clk_i
Related violations: <none>

TIMING-18#83 Warning
Missing input or output delay  
An input delay is missing on cfg_wdata_i[22] relative to clock(s) clk_i
Related violations: <none>

TIMING-18#84 Warning
Missing input or output delay  
An input delay is missing on cfg_wdata_i[23] relative to clock(s) clk_i
Related violations: <none>

TIMING-18#85 Warning
Missing input or output delay  
An input delay is missing on cfg_wdata_i[24] relative to clock(s) clk_i
Related violations: <none>

TIMING-18#86 Warning
Missing input or output delay  
An input delay is missing on cfg_wdata_i[25] relative to clock(s) clk_i
Related violations: <none>

TIMING-18#87 Warning
Missing input or output delay  
An input delay is missing on cfg_wdata_i[26] relative to clock(s) clk_i
Related violations: <none>

TIMING-18#88 Warning
Missing input or output delay  
An input delay is missing on cfg_wdata_i[27] relative to clock(s) clk_i
Related violations: <none>

TIMING-18#89 Warning
Missing input or output delay  
An input delay is missing on cfg_wdata_i[28] relative to clock(s) clk_i
Related violations: <none>

TIMING-18#90 Warning
Missing input or output delay  
An input delay is missing on cfg_wdata_i[29] relative to clock(s) clk_i
Related violations: <none>

TIMING-18#91 Warning
Missing input or output delay  
An input delay is missing on cfg_wdata_i[2] relative to clock(s) clk_i
Related violations: <none>

TIMING-18#92 Warning
Missing input or output delay  
An input delay is missing on cfg_wdata_i[30] relative to clock(s) clk_i
Related violations: <none>

TIMING-18#93 Warning
Missing input or output delay  
An input delay is missing on cfg_wdata_i[31] relative to clock(s) clk_i
Related violations: <none>

TIMING-18#94 Warning
Missing input or output delay  
An input delay is missing on cfg_wdata_i[3] relative to clock(s) clk_i
Related violations: <none>

TIMING-18#95 Warning
Missing input or output delay  
An input delay is missing on cfg_wdata_i[4] relative to clock(s) clk_i
Related violations: <none>

TIMING-18#96 Warning
Missing input or output delay  
An input delay is missing on cfg_wdata_i[5] relative to clock(s) clk_i
Related violations: <none>

TIMING-18#97 Warning
Missing input or output delay  
An input delay is missing on cfg_wdata_i[6] relative to clock(s) clk_i
Related violations: <none>

TIMING-18#98 Warning
Missing input or output delay  
An input delay is missing on cfg_wdata_i[7] relative to clock(s) clk_i
Related violations: <none>

TIMING-18#99 Warning
Missing input or output delay  
An input delay is missing on cfg_wdata_i[8] relative to clock(s) clk_i
Related violations: <none>

TIMING-18#100 Warning
Missing input or output delay  
An input delay is missing on cfg_wdata_i[9] relative to clock(s) clk_i
Related violations: <none>

TIMING-18#101 Warning
Missing input or output delay  
An input delay is missing on cfg_wvalid_i relative to clock(s) clk_i
Related violations: <none>

TIMING-18#102 Warning
Missing input or output delay  
An input delay is missing on rst_i relative to clock(s) clk_i
Related violations: <none>

TIMING-18#103 Warning
Missing input or output delay  
An output delay is missing on cfg_arready_o relative to clock(s) clk_i
Related violations: <none>

TIMING-18#104 Warning
Missing input or output delay  
An output delay is missing on cfg_awready_o relative to clock(s) clk_i
Related violations: <none>

TIMING-18#105 Warning
Missing input or output delay  
An output delay is missing on cfg_bvalid_o relative to clock(s) clk_i
Related violations: <none>

TIMING-18#106 Warning
Missing input or output delay  
An output delay is missing on cfg_rdata_o[0] relative to clock(s) clk_i
Related violations: <none>

TIMING-18#107 Warning
Missing input or output delay  
An output delay is missing on cfg_rdata_o[10] relative to clock(s) clk_i
Related violations: <none>

TIMING-18#108 Warning
Missing input or output delay  
An output delay is missing on cfg_rdata_o[11] relative to clock(s) clk_i
Related violations: <none>

TIMING-18#109 Warning
Missing input or output delay  
An output delay is missing on cfg_rdata_o[12] relative to clock(s) clk_i
Related violations: <none>

TIMING-18#110 Warning
Missing input or output delay  
An output delay is missing on cfg_rdata_o[13] relative to clock(s) clk_i
Related violations: <none>

TIMING-18#111 Warning
Missing input or output delay  
An output delay is missing on cfg_rdata_o[14] relative to clock(s) clk_i
Related violations: <none>

TIMING-18#112 Warning
Missing input or output delay  
An output delay is missing on cfg_rdata_o[15] relative to clock(s) clk_i
Related violations: <none>

TIMING-18#113 Warning
Missing input or output delay  
An output delay is missing on cfg_rdata_o[16] relative to clock(s) clk_i
Related violations: <none>

TIMING-18#114 Warning
Missing input or output delay  
An output delay is missing on cfg_rdata_o[17] relative to clock(s) clk_i
Related violations: <none>

TIMING-18#115 Warning
Missing input or output delay  
An output delay is missing on cfg_rdata_o[18] relative to clock(s) clk_i
Related violations: <none>

TIMING-18#116 Warning
Missing input or output delay  
An output delay is missing on cfg_rdata_o[19] relative to clock(s) clk_i
Related violations: <none>

TIMING-18#117 Warning
Missing input or output delay  
An output delay is missing on cfg_rdata_o[1] relative to clock(s) clk_i
Related violations: <none>

TIMING-18#118 Warning
Missing input or output delay  
An output delay is missing on cfg_rdata_o[20] relative to clock(s) clk_i
Related violations: <none>

TIMING-18#119 Warning
Missing input or output delay  
An output delay is missing on cfg_rdata_o[21] relative to clock(s) clk_i
Related violations: <none>

TIMING-18#120 Warning
Missing input or output delay  
An output delay is missing on cfg_rdata_o[22] relative to clock(s) clk_i
Related violations: <none>

TIMING-18#121 Warning
Missing input or output delay  
An output delay is missing on cfg_rdata_o[23] relative to clock(s) clk_i
Related violations: <none>

TIMING-18#122 Warning
Missing input or output delay  
An output delay is missing on cfg_rdata_o[24] relative to clock(s) clk_i
Related violations: <none>

TIMING-18#123 Warning
Missing input or output delay  
An output delay is missing on cfg_rdata_o[25] relative to clock(s) clk_i
Related violations: <none>

TIMING-18#124 Warning
Missing input or output delay  
An output delay is missing on cfg_rdata_o[26] relative to clock(s) clk_i
Related violations: <none>

TIMING-18#125 Warning
Missing input or output delay  
An output delay is missing on cfg_rdata_o[27] relative to clock(s) clk_i
Related violations: <none>

TIMING-18#126 Warning
Missing input or output delay  
An output delay is missing on cfg_rdata_o[28] relative to clock(s) clk_i
Related violations: <none>

TIMING-18#127 Warning
Missing input or output delay  
An output delay is missing on cfg_rdata_o[29] relative to clock(s) clk_i
Related violations: <none>

TIMING-18#128 Warning
Missing input or output delay  
An output delay is missing on cfg_rdata_o[2] relative to clock(s) clk_i
Related violations: <none>

TIMING-18#129 Warning
Missing input or output delay  
An output delay is missing on cfg_rdata_o[30] relative to clock(s) clk_i
Related violations: <none>

TIMING-18#130 Warning
Missing input or output delay  
An output delay is missing on cfg_rdata_o[31] relative to clock(s) clk_i
Related violations: <none>

TIMING-18#131 Warning
Missing input or output delay  
An output delay is missing on cfg_rdata_o[3] relative to clock(s) clk_i
Related violations: <none>

TIMING-18#132 Warning
Missing input or output delay  
An output delay is missing on cfg_rdata_o[4] relative to clock(s) clk_i
Related violations: <none>

TIMING-18#133 Warning
Missing input or output delay  
An output delay is missing on cfg_rdata_o[5] relative to clock(s) clk_i
Related violations: <none>

TIMING-18#134 Warning
Missing input or output delay  
An output delay is missing on cfg_rdata_o[6] relative to clock(s) clk_i
Related violations: <none>

TIMING-18#135 Warning
Missing input or output delay  
An output delay is missing on cfg_rdata_o[7] relative to clock(s) clk_i
Related violations: <none>

TIMING-18#136 Warning
Missing input or output delay  
An output delay is missing on cfg_rdata_o[8] relative to clock(s) clk_i
Related violations: <none>

TIMING-18#137 Warning
Missing input or output delay  
An output delay is missing on cfg_rdata_o[9] relative to clock(s) clk_i
Related violations: <none>

TIMING-18#138 Warning
Missing input or output delay  
An output delay is missing on cfg_rvalid_o relative to clock(s) clk_i
Related violations: <none>

TIMING-18#139 Warning
Missing input or output delay  
An output delay is missing on cfg_wready_o relative to clock(s) clk_i
Related violations: <none>

TIMING-18#140 Warning
Missing input or output delay  
An output delay is missing on intr_o relative to clock(s) clk_i
Related violations: <none>


